0 boot 320 ms
1 boot 448 ms
2 boot 610 ms
3 boot 719 ms
4 boot 1154 ms
5 boot 1004 ms
6 boot 1081 ms
7 boot 697 ms
8 boot 894 ms
9 boot 995 ms
10 boot 1158 ms
11 boot 985 ms
12 boot 1218 ms
13 boot 838 ms
14 boot 1048 ms
15 boot 807 ms
16 boot 383 ms
17 boot 654 ms
18 boot 740 ms
19 boot 653 ms
20 boot 680 ms
21 boot 979 ms
22 boot 693 ms
23 boot 994 ms
24 boot 985 ms
25 boot 914 ms
26 boot 1039 ms
27 boot 1175 ms
28 boot 909 ms
29 boot 986 ms
30 boot 658 ms
31 boot 1080 ms
32 boot 923 ms
33 boot 457 ms
34 boot 384 ms
35 boot 538 ms
36 boot 577 ms
37 boot 939 ms
38 boot 770 ms
39 boot 445 ms
40 boot 893 ms
41 boot 782 ms
42 boot 986 ms
43 boot 770 ms
44 boot 1100 ms
45 boot 1105 ms
46 boot 1145 ms
47 boot 1030 ms
48 boot 1003 ms
49 boot 1084 ms
50 boot 343 ms
51 boot 419 ms
52 boot 721 ms
53 boot 832 ms
54 boot 526 ms
55 boot 883 ms
56 boot 893 ms
57 boot 771 ms
58 boot 1127 ms
59 boot 906 ms
60 boot 874 ms
61 boot 1158 ms
62 boot 780 ms
63 boot 1048 ms
64 boot 1014 ms
65 boot 1096 ms
66 boot 429 ms
67 boot 431 ms
68 boot 590 ms
69 boot 853 ms
70 boot 465 ms
71 boot 704 ms
72 boot 454 ms
73 boot 833 ms
74 boot 931 ms
75 boot 912 ms
76 boot 803 ms
77 boot 1042 ms
78 boot 1055 ms
79 boot 1355 ms
80 boot 973 ms
81 boot 968 ms
82 boot 1024 ms
83 boot 429 ms
84 boot 593 ms
85 boot 669 ms
86 boot 590 ms
87 boot 525 ms
88 boot 815 ms
89 boot 816 ms
90 boot 1019 ms
91 boot 714 ms
92 boot 528 ms
93 boot 632 ms
94 boot 1110 ms
95 boot 774 ms
96 boot 961 ms
97 boot 871 ms
98 boot 634 ms
99 boot 603 ms
