

*******************************************************************************
Mon May 25 07:01:21 2020


FIT:    data read from 'data.log' u 1:3
        format = x:z
        x range restricted to [0.00000 : 99.0000]
        #datapoints = 100
        residuals are weighted equally (unit weight)

function used for fitting: f(x)
	f(x) = mean_y
fitted parameters initialized with current variable values

iter      chisq       delta/lim  lambda   mean_y       
   0 7.2516363000e+07   0.00e+00  1.00e+00    1.000000e+00
   3 5.5630567500e+06  -1.18e-06  1.00e-03    8.192500e+02

After 3 iterations the fit converged.
final sum of squares of residuals : 5.56306e+06
rel. change during last iteration : -1.17959e-11

degrees of freedom    (FIT_NDF)                        : 99
rms of residuals      (FIT_STDFIT) = sqrt(WSSR/ndf)    : 237.05
variance of residuals (reduced chisquare) = WSSR/ndf   : 56192.5

Final set of parameters            Asymptotic Standard Error
=======================            ==========================
mean_y          = 819.25           +/- 23.7         (2.893%)
